# JRE version: OpenJDK Runtime Environment Temurin-17.0.8.1+1 (17.0.8.1+1) (build 17.0.8.1+1)
# Java VM: OpenJDK 64-Bit Server VM Temurin-17.0.8.1+1 (17.0.8.1+1, mixed mode, tiered, compressed oops, compressed class ptrs, g1 gc, windows-amd64)
GC Precious Log:
 CPUs: 20 total, 20 available
 Memory: 16088M
 Large Page Support: Disabled
 NUMA Support: Disabled
 Compressed Oops: Enabled (Zero based)
 Heap Region Size: 2M
 Heap Min Capacity: 8M
 Heap Initial Capacity: 252M
 Heap Max Capacity: 4024M
 Pre-touch: Disabled
 Parallel Workers: 15
 Concurrent Workers: 4
 Concurrent Refinement Workers: 15
 Periodic GC: Disabled
Heap:
 garbage-first heap   total 118784K, used 60693K [0x0000000704800000, 0x0000000800000000)
  region size 2048K, 5 young (10240K), 3 survivors (6144K)
 Metaspace       used 73050K, committed 73664K, reserved 1179648K
  class space    used 7897K, committed 8192K, reserved 1048576K
GC Heap History (20 events):
Event: 4.463 GC heap before
{Heap before GC invocations=11 (full 0):
 garbage-first heap   total 98304K, used 65570K [0x0000000704800000, 0x0000000800000000)
  region size 2048K, 19 young (38912K), 2 survivors (4096K)
 Metaspace       used 47408K, committed 47808K, reserved 1114112K
  class space    used 5388K, committed 5568K, reserved 1048576K
}
Event: 4.464 GC heap after
{Heap after GC invocations=12 (full 0):
 garbage-first heap   total 98304K, used 36223K [0x0000000704800000, 0x0000000800000000)
  region size 2048K, 3 young (6144K), 3 survivors (6144K)
 Metaspace       used 47408K, committed 47808K, reserved 1114112K
  class space    used 5388K, committed 5568K, reserved 1048576K
}
Event: 4.691 GC heap before
{Heap before GC invocations=12 (full 0):
 garbage-first heap   total 98304K, used 68991K [0x0000000704800000, 0x0000000800000000)
  region size 2048K, 19 young (38912K), 3 survivors (6144K)
 Metaspace       used 49305K, committed 49792K, reserved 1114112K
  class space    used 5604K, committed 5824K, reserved 1048576K
}
Event: 4.693 GC heap after
{Heap after GC invocations=13 (full 0):
 garbage-first heap   total 98304K, used 37757K [0x0000000704800000, 0x0000000800000000)
  region size 2048K, 2 young (4096K), 2 survivors (4096K)
 Metaspace       used 49305K, committed 49792K, reserved 1114112K
  class space    used 5604K, committed 5824K, reserved 1048576K
}
Event: 4.989 GC heap before
{Heap before GC invocations=13 (full 0):
 garbage-first heap   total 98304K, used 68477K [0x0000000704800000, 0x0000000800000000)
  region size 2048K, 18 young (36864K), 2 survivors (4096K)
 Metaspace       used 54022K, committed 54464K, reserved 1114112K
  class space    used 6194K, committed 6400K, reserved 1048576K
}
Event: 4.992 GC heap after
{Heap after GC invocations=14 (full 0):
 garbage-first heap   total 98304K, used 39763K [0x0000000704800000, 0x0000000800000000)
  region size 2048K, 3 young (6144K), 3 survivors (6144K)
 Metaspace       used 54022K, committed 54464K, reserved 1114112K
  class space    used 6194K, committed 6400K, reserved 1048576K
}
Event: 5.065 GC heap before
{Heap before GC invocations=14 (full 0):
 garbage-first heap   total 98304K, used 72531K [0x0000000704800000, 0x0000000800000000)
  region size 2048K, 19 young (38912K), 3 survivors (6144K)
 Metaspace       used 54704K, committed 55104K, reserved 1114112K
  class space    used 6226K, committed 6400K, reserved 1048576K
}
Event: 5.067 GC heap after
{Heap after GC invocations=15 (full 0):
 garbage-first heap   total 98304K, used 41338K [0x0000000704800000, 0x0000000800000000)
  region size 2048K, 3 young (6144K), 3 survivors (6144K)
 Metaspace       used 54704K, committed 55104K, reserved 1114112K
  class space    used 6226K, committed 6400K, reserved 1048576K
}
Event: 5.196 GC heap before
{Heap before GC invocations=15 (full 0):
 garbage-first heap   total 98304K, used 72058K [0x0000000704800000, 0x0000000800000000)
  region size 2048K, 19 young (38912K), 3 survivors (6144K)
 Metaspace       used 55869K, committed 56320K, reserved 1114112K
  class space    used 6329K, committed 6528K, reserved 1048576K
}
Event: 5.199 GC heap after
{Heap after GC invocations=16 (full 0):
 garbage-first heap   total 98304K, used 46371K [0x0000000704800000, 0x0000000800000000)
  region size 2048K, 3 young (6144K), 3 survivors (6144K)
 Metaspace       used 55869K, committed 56320K, reserved 1114112K
  class space    used 6329K, committed 6528K, reserved 1048576K
}
Event: 5.303 GC heap before
{Heap before GC invocations=16 (full 0):
 garbage-first heap   total 98304K, used 72995K [0x0000000704800000, 0x0000000800000000)
  region size 2048K, 17 young (34816K), 3 survivors (6144K)
 Metaspace       used 58201K, committed 58624K, reserved 1114112K
  class space    used 6545K, committed 6720K, reserved 1048576K
}
Event: 5.305 GC heap after
{Heap after GC invocations=17 (full 0):
 garbage-first heap   total 98304K, used 51589K [0x0000000704800000, 0x0000000800000000)
  region size 2048K, 3 young (6144K), 3 survivors (6144K)
 Metaspace       used 58201K, committed 58624K, reserved 1114112K
  class space    used 6545K, committed 6720K, reserved 1048576K
}
Event: 5.388 GC heap before
{Heap before GC invocations=17 (full 0):
 garbage-first heap   total 98304K, used 61829K [0x0000000704800000, 0x0000000800000000)
  region size 2048K, 10 young (20480K), 3 survivors (6144K)
 Metaspace       used 59707K, committed 60096K, reserved 1114112K
  class space    used 6674K, committed 6848K, reserved 1048576K
}
Event: 5.391 GC heap after
{Heap after GC invocations=18 (full 0):
 garbage-first heap   total 118784K, used 52994K [0x0000000704800000, 0x0000000800000000)
  region size 2048K, 1 young (2048K), 1 survivors (2048K)
 Metaspace       used 59707K, committed 60096K, reserved 1114112K
  class space    used 6674K, committed 6848K, reserved 1048576K
}
Event: 5.575 GC heap before
{Heap before GC invocations=19 (full 0):
 garbage-first heap   total 118784K, used 87810K [0x0000000704800000, 0x0000000800000000)
  region size 2048K, 18 young (36864K), 1 survivors (2048K)
 Metaspace       used 63287K, committed 63744K, reserved 1114112K
  class space    used 6980K, committed 7168K, reserved 1048576K
}
Event: 5.577 GC heap after
{Heap after GC invocations=20 (full 0):
 garbage-first heap   total 118784K, used 54564K [0x0000000704800000, 0x0000000800000000)
  region size 2048K, 2 young (4096K), 2 survivors (4096K)
 Metaspace       used 63287K, committed 63744K, reserved 1114112K
  class space    used 6980K, committed 7168K, reserved 1048576K
}
Event: 6.170 GC heap before
{Heap before GC invocations=21 (full 0):
 garbage-first heap   total 118784K, used 87332K [0x0000000704800000, 0x0000000800000000)
  region size 2048K, 19 young (38912K), 2 survivors (4096K)
 Metaspace       used 69559K, committed 70080K, reserved 1114112K
  class space    used 7651K, committed 7872K, reserved 1048576K
}
Event: 6.174 GC heap after
{Heap after GC invocations=22 (full 0):
 garbage-first heap   total 118784K, used 56879K [0x0000000704800000, 0x0000000800000000)
  region size 2048K, 3 young (6144K), 3 survivors (6144K)
 Metaspace       used 69559K, committed 70080K, reserved 1114112K
  class space    used 7651K, committed 7872K, reserved 1048576K
}
Event: 10.858 GC heap before
{Heap before GC invocations=22 (full 0):
 garbage-first heap   total 118784K, used 89647K [0x0000000704800000, 0x0000000800000000)
  region size 2048K, 20 young (40960K), 3 survivors (6144K)
 Metaspace       used 72944K, committed 73600K, reserved 1179648K
  class space    used 7884K, committed 8192K, reserved 1048576K
}
Event: 10.861 GC heap after
{Heap after GC invocations=23 (full 0):
 garbage-first heap   total 118784K, used 58645K [0x0000000704800000, 0x0000000800000000)
  region size 2048K, 3 young (6144K), 3 survivors (6144K)
 Metaspace       used 72944K, committed 73600K, reserved 1179648K
  class space    used 7884K, committed 8192K, reserved 1048576K
}

